<?xml version="1.0" encoding="UTF-8"?>
<!-- Generated by org.testng.reporters.JUnitXMLReporter -->
<testsuite ignored="1" hostname="DESKTOP-L24NCKJ" failures="0" tests="6" name="Test" time="0.067" errors="0" timestamp="16 Jun 2024 06:34:17 GMT">
  <testcase classname="testng.groups.GroupOfGroupsSample" name="pdp1" time="0.013"/>
  <testcase classname="testng.groups.GroupOfGroupsSample" name="plp1" time="0.002"/>
  <testcase classname="testng.groups.GroupsSample" name="cart1" time="0.001"/>
  <testcase classname="testng.groups.GroupsSample" name="cart2" time="0.002"/>
  <testcase classname="testng.groups.GroupsSample" name="login1" time="0.001"/>
  <testcase classname="testng.groups.GroupsSample" name="login2" time="0.003"/>
  <testcase classname="testng.groups.GroupsSample" name="home1" time="0.0">
    <ignored/>
  </testcase> <!-- home1 -->
</testsuite> <!-- Test -->
