<?xml version="1.0" encoding="UTF-8"?>
<testng-results ignored="0" total="1" passed="1" failed="0" skipped="0">
  <reporter-output>
  </reporter-output>
  <suite started-at="2024-06-20T01:08:32Z" name="Default suite" finished-at="2024-06-20T01:08:33Z" duration-ms="830">
    <groups>
    </groups>
    <test started-at="2024-06-20T01:08:32Z" name="Default test" finished-at="2024-06-20T01:08:33Z" duration-ms="830">
      <class name="testng.extentreports.ExtentReportsSample">
        <test-method is-config="true" signature="report()[pri:0, instance:testng.extentreports.ExtentReportsSample@528c868]" started-at="2024-06-20T01:08:31Z" name="report" finished-at="2024-06-20T01:08:32Z" duration-ms="638" status="PASS">
          <reporter-output>
          </reporter-output>
        </test-method> <!-- report -->
        <test-method signature="sample()[pri:0, instance:testng.extentreports.ExtentReportsSample@528c868]" started-at="2024-06-20T01:08:32Z" name="sample" finished-at="2024-06-20T01:08:32Z" duration-ms="23" status="PASS">
          <reporter-output>
          </reporter-output>
        </test-method> <!-- sample -->
        <test-method is-config="true" signature="stopReport()[pri:0, instance:testng.extentreports.ExtentReportsSample@528c868]" started-at="2024-06-20T01:08:32Z" name="stopReport" finished-at="2024-06-20T01:08:33Z" duration-ms="757" status="PASS">
          <reporter-output>
          </reporter-output>
        </test-method> <!-- stopReport -->
      </class> <!-- testng.extentreports.ExtentReportsSample -->
    </test> <!-- Default test -->
  </suite> <!-- Default suite -->
</testng-results>
